2023-06-17T14:06:30.700+03:00  INFO 33999 --- [restartedMain] c.f.a.AutomotiveEcomBackendApplication   : Starting AutomotiveEcomBackendApplication using Java 19.0.2 with PID 33999 (/Users/fmss/IdeaProjects/automotive-ecom-backend/target/classes started by fmss in /Users/fmss/IdeaProjects/automotive-ecom-backend)
2023-06-17T14:06:30.702+03:00  INFO 33999 --- [restartedMain] c.f.a.AutomotiveEcomBackendApplication   : No active profile set, falling back to 1 default profile: "default"
2023-06-17T14:06:30.759+03:00  INFO 33999 --- [restartedMain] .e.DevToolsPropertyDefaultsPostProcessor : Devtools property defaults active! Set 'spring.devtools.add-properties' to 'false' to disable
2023-06-17T14:06:30.759+03:00  INFO 33999 --- [restartedMain] .e.DevToolsPropertyDefaultsPostProcessor : For additional web related logging consider setting the 'logging.level.web' property to 'DEBUG'
2023-06-17T14:06:31.843+03:00  INFO 33999 --- [restartedMain] .s.d.r.c.RepositoryConfigurationDelegate : Bootstrapping Spring Data JPA repositories in DEFAULT mode.
2023-06-17T14:06:31.932+03:00  INFO 33999 --- [restartedMain] .s.d.r.c.RepositoryConfigurationDelegate : Finished Spring Data repository scanning in 76 ms. Found 6 JPA repository interfaces.
2023-06-17T14:06:32.790+03:00  INFO 33999 --- [restartedMain] o.s.b.w.embedded.tomcat.TomcatWebServer  : Tomcat initialized with port(s): 8080 (http)
2023-06-17T14:06:32.802+03:00  INFO 33999 --- [restartedMain] o.apache.catalina.core.StandardService   : Starting service [Tomcat]
2023-06-17T14:06:32.803+03:00  INFO 33999 --- [restartedMain] o.apache.catalina.core.StandardEngine    : Starting Servlet engine: [Apache Tomcat/10.1.8]
2023-06-17T14:06:32.863+03:00  INFO 33999 --- [restartedMain] o.a.c.c.C.[Tomcat].[localhost].[/]       : Initializing Spring embedded WebApplicationContext
2023-06-17T14:06:32.863+03:00  INFO 33999 --- [restartedMain] w.s.c.ServletWebServerApplicationContext : Root WebApplicationContext: initialization completed in 2103 ms
2023-06-17T14:06:33.065+03:00  INFO 33999 --- [restartedMain] com.zaxxer.hikari.HikariDataSource       : HikariPool-1 - Starting...
2023-06-17T14:06:33.752+03:00  INFO 33999 --- [restartedMain] com.zaxxer.hikari.pool.HikariPool        : HikariPool-1 - Added connection org.postgresql.jdbc.PgConnection@66dd4a9c
2023-06-17T14:06:33.754+03:00  INFO 33999 --- [restartedMain] com.zaxxer.hikari.HikariDataSource       : HikariPool-1 - Start completed.
2023-06-17T14:06:33.812+03:00  INFO 33999 --- [restartedMain] o.hibernate.jpa.internal.util.LogHelper  : HHH000204: Processing PersistenceUnitInfo [name: default]
2023-06-17T14:06:33.899+03:00  INFO 33999 --- [restartedMain] org.hibernate.Version                    : HHH000412: Hibernate ORM core version 6.2.2.Final
2023-06-17T14:06:33.901+03:00  INFO 33999 --- [restartedMain] org.hibernate.cfg.Environment            : HHH000406: Using bytecode reflection optimizer
2023-06-17T14:06:34.116+03:00  INFO 33999 --- [restartedMain] o.h.b.i.BytecodeProviderInitiator        : HHH000021: Bytecode provider name : bytebuddy
2023-06-17T14:06:34.325+03:00  INFO 33999 --- [restartedMain] o.s.o.j.p.SpringPersistenceUnitInfo      : No LoadTimeWeaver setup: ignoring JPA class transformer
2023-06-17T14:06:34.479+03:00  INFO 33999 --- [restartedMain] org.hibernate.orm.dialect                : HHH035001: Using dialect: org.hibernate.dialect.PostgreSQL10Dialect, version: 10.0
2023-06-17T14:06:34.482+03:00  WARN 33999 --- [restartedMain] org.hibernate.orm.deprecation            : HHH90000026: PostgreSQL10Dialect has been deprecated; use org.hibernate.dialect.PostgreSQLDialect instead
2023-06-17T14:06:34.808+03:00  INFO 33999 --- [restartedMain] o.h.b.i.BytecodeProviderInitiator        : HHH000021: Bytecode provider name : bytebuddy
2023-06-17T14:06:36.224+03:00  INFO 33999 --- [restartedMain] o.h.e.t.j.p.i.JtaPlatformInitiator       : HHH000490: Using JtaPlatform implementation: [org.hibernate.engine.transaction.jta.platform.internal.NoJtaPlatform]
2023-06-17T14:06:36.770+03:00  INFO 33999 --- [restartedMain] j.LocalContainerEntityManagerFactoryBean : Initialized JPA EntityManagerFactory for persistence unit 'default'
2023-06-17T14:06:37.359+03:00  INFO 33999 --- [restartedMain] o.s.d.j.r.query.QueryEnhancerFactory     : Hibernate is in classpath; If applicable, HQL parser will be used.
2023-06-17T14:06:38.588+03:00  INFO 33999 --- [restartedMain] o.s.s.web.DefaultSecurityFilterChain     : Will secure any request with [org.springframework.security.web.session.DisableEncodeUrlFilter@795bde05, org.springframework.security.web.context.request.async.WebAsyncManagerIntegrationFilter@3bd65837, org.springframework.security.web.context.SecurityContextHolderFilter@7eae55f6, org.springframework.security.web.header.HeaderWriterFilter@30c3cec6, org.springframework.security.web.authentication.logout.LogoutFilter@7108dc14, org.springframework.security.oauth2.server.resource.web.authentication.BearerTokenAuthenticationFilter@26338ba8, org.springframework.security.web.savedrequest.RequestCacheAwareFilter@1afe88ff, org.springframework.security.web.servletapi.SecurityContextHolderAwareRequestFilter@429d4932, org.springframework.security.web.authentication.AnonymousAuthenticationFilter@182fa2e, org.springframework.security.web.session.SessionManagementFilter@58e0925f, org.springframework.security.web.access.ExceptionTranslationFilter@2aee94be, org.springframework.security.web.access.intercept.AuthorizationFilter@27f7a326]
2023-06-17T14:06:39.076+03:00  INFO 33999 --- [restartedMain] o.s.b.d.a.OptionalLiveReloadServer       : LiveReload server is running on port 35729
2023-06-17T14:06:39.120+03:00  INFO 33999 --- [restartedMain] o.s.b.w.embedded.tomcat.TomcatWebServer  : Tomcat started on port(s): 8080 (http) with context path ''
2023-06-17T14:06:39.138+03:00  INFO 33999 --- [restartedMain] c.f.a.AutomotiveEcomBackendApplication   : Started AutomotiveEcomBackendApplication in 9.013 seconds (process running for 10.455)
2023-06-17T14:14:06.580+03:00  INFO 33999 --- [SpringApplicationShutdownHook] j.LocalContainerEntityManagerFactoryBean : Closing JPA EntityManagerFactory for persistence unit 'default'
2023-06-17T14:14:06.627+03:00  INFO 33999 --- [SpringApplicationShutdownHook] com.zaxxer.hikari.HikariDataSource       : HikariPool-1 - Shutdown initiated...
2023-06-17T14:14:06.636+03:00  INFO 33999 --- [SpringApplicationShutdownHook] com.zaxxer.hikari.HikariDataSource       : HikariPool-1 - Shutdown completed.
2023-06-17T14:14:38.654+03:00  INFO 34440 --- [restartedMain] c.f.a.AutomotiveEcomBackendApplication   : Starting AutomotiveEcomBackendApplication using Java 19.0.2 with PID 34440 (/Users/fmss/IdeaProjects/automotive-ecom-backend/target/classes started by fmss in /Users/fmss/IdeaProjects/automotive-ecom-backend)
2023-06-17T14:14:38.656+03:00  INFO 34440 --- [restartedMain] c.f.a.AutomotiveEcomBackendApplication   : No active profile set, falling back to 1 default profile: "default"
2023-06-17T14:14:38.716+03:00  INFO 34440 --- [restartedMain] .e.DevToolsPropertyDefaultsPostProcessor : Devtools property defaults active! Set 'spring.devtools.add-properties' to 'false' to disable
2023-06-17T14:14:38.716+03:00  INFO 34440 --- [restartedMain] .e.DevToolsPropertyDefaultsPostProcessor : For additional web related logging consider setting the 'logging.level.web' property to 'DEBUG'
2023-06-17T14:14:39.698+03:00  INFO 34440 --- [restartedMain] .s.d.r.c.RepositoryConfigurationDelegate : Bootstrapping Spring Data JPA repositories in DEFAULT mode.
2023-06-17T14:14:39.778+03:00  INFO 34440 --- [restartedMain] .s.d.r.c.RepositoryConfigurationDelegate : Finished Spring Data repository scanning in 70 ms. Found 6 JPA repository interfaces.
2023-06-17T14:14:40.635+03:00  INFO 34440 --- [restartedMain] o.s.b.w.embedded.tomcat.TomcatWebServer  : Tomcat initialized with port(s): 8080 (http)
2023-06-17T14:14:40.645+03:00  INFO 34440 --- [restartedMain] o.apache.catalina.core.StandardService   : Starting service [Tomcat]
2023-06-17T14:14:40.646+03:00  INFO 34440 --- [restartedMain] o.apache.catalina.core.StandardEngine    : Starting Servlet engine: [Apache Tomcat/10.1.8]
2023-06-17T14:14:40.712+03:00  INFO 34440 --- [restartedMain] o.a.c.c.C.[Tomcat].[localhost].[/]       : Initializing Spring embedded WebApplicationContext
2023-06-17T14:14:40.713+03:00  INFO 34440 --- [restartedMain] w.s.c.ServletWebServerApplicationContext : Root WebApplicationContext: initialization completed in 1997 ms
2023-06-17T14:14:40.911+03:00  INFO 34440 --- [restartedMain] com.zaxxer.hikari.HikariDataSource       : HikariPool-1 - Starting...
2023-06-17T14:14:41.132+03:00  INFO 34440 --- [restartedMain] com.zaxxer.hikari.pool.HikariPool        : HikariPool-1 - Added connection org.postgresql.jdbc.PgConnection@692af6ec
2023-06-17T14:14:41.134+03:00  INFO 34440 --- [restartedMain] com.zaxxer.hikari.HikariDataSource       : HikariPool-1 - Start completed.
2023-06-17T14:14:41.190+03:00  INFO 34440 --- [restartedMain] o.hibernate.jpa.internal.util.LogHelper  : HHH000204: Processing PersistenceUnitInfo [name: default]
2023-06-17T14:14:41.266+03:00  INFO 34440 --- [restartedMain] org.hibernate.Version                    : HHH000412: Hibernate ORM core version 6.2.2.Final
2023-06-17T14:14:41.269+03:00  INFO 34440 --- [restartedMain] org.hibernate.cfg.Environment            : HHH000406: Using bytecode reflection optimizer
2023-06-17T14:14:41.459+03:00  INFO 34440 --- [restartedMain] o.h.b.i.BytecodeProviderInitiator        : HHH000021: Bytecode provider name : bytebuddy
2023-06-17T14:14:41.622+03:00  INFO 34440 --- [restartedMain] o.s.o.j.p.SpringPersistenceUnitInfo      : No LoadTimeWeaver setup: ignoring JPA class transformer
2023-06-17T14:14:41.668+03:00  INFO 34440 --- [restartedMain] org.hibernate.orm.dialect                : HHH035001: Using dialect: org.hibernate.dialect.PostgreSQL10Dialect, version: 10.0
2023-06-17T14:14:41.671+03:00  WARN 34440 --- [restartedMain] org.hibernate.orm.deprecation            : HHH90000026: PostgreSQL10Dialect has been deprecated; use org.hibernate.dialect.PostgreSQLDialect instead
2023-06-17T14:14:42.013+03:00  INFO 34440 --- [restartedMain] o.h.b.i.BytecodeProviderInitiator        : HHH000021: Bytecode provider name : bytebuddy
2023-06-17T14:14:43.486+03:00  INFO 34440 --- [restartedMain] o.h.e.t.j.p.i.JtaPlatformInitiator       : HHH000490: Using JtaPlatform implementation: [org.hibernate.engine.transaction.jta.platform.internal.NoJtaPlatform]
2023-06-17T14:14:43.925+03:00  INFO 34440 --- [restartedMain] j.LocalContainerEntityManagerFactoryBean : Initialized JPA EntityManagerFactory for persistence unit 'default'
2023-06-17T14:14:44.573+03:00  INFO 34440 --- [restartedMain] o.s.d.j.r.query.QueryEnhancerFactory     : Hibernate is in classpath; If applicable, HQL parser will be used.
2023-06-17T14:14:45.909+03:00  INFO 34440 --- [restartedMain] o.s.s.web.DefaultSecurityFilterChain     : Will secure any request with [org.springframework.security.web.session.DisableEncodeUrlFilter@3357e2a9, org.springframework.security.web.context.request.async.WebAsyncManagerIntegrationFilter@288c4a9, org.springframework.security.web.context.SecurityContextHolderFilter@43542b0b, org.springframework.security.web.header.HeaderWriterFilter@52ac04e4, org.springframework.security.web.authentication.logout.LogoutFilter@411c9460, org.springframework.security.oauth2.server.resource.web.authentication.BearerTokenAuthenticationFilter@4da04b48, org.springframework.security.web.savedrequest.RequestCacheAwareFilter@59bd81cc, org.springframework.security.web.servletapi.SecurityContextHolderAwareRequestFilter@19b19273, org.springframework.security.web.authentication.AnonymousAuthenticationFilter@4d3d35bb, org.springframework.security.web.session.SessionManagementFilter@65f247c6, org.springframework.security.web.access.ExceptionTranslationFilter@5251e85b, org.springframework.security.web.access.intercept.AuthorizationFilter@6e34506d]
2023-06-17T14:14:46.435+03:00  INFO 34440 --- [restartedMain] o.s.b.d.a.OptionalLiveReloadServer       : LiveReload server is running on port 35729
2023-06-17T14:14:46.493+03:00  INFO 34440 --- [restartedMain] o.s.b.w.embedded.tomcat.TomcatWebServer  : Tomcat started on port(s): 8080 (http) with context path ''
2023-06-17T14:14:46.512+03:00  INFO 34440 --- [restartedMain] c.f.a.AutomotiveEcomBackendApplication   : Started AutomotiveEcomBackendApplication in 8.409 seconds (process running for 9.342)
2023-06-17T14:14:49.695+03:00  INFO 34440 --- [SpringApplicationShutdownHook] j.LocalContainerEntityManagerFactoryBean : Closing JPA EntityManagerFactory for persistence unit 'default'
2023-06-17T14:14:49.698+03:00  INFO 34440 --- [SpringApplicationShutdownHook] com.zaxxer.hikari.HikariDataSource       : HikariPool-1 - Shutdown initiated...
2023-06-17T14:14:49.701+03:00  INFO 34440 --- [SpringApplicationShutdownHook] com.zaxxer.hikari.HikariDataSource       : HikariPool-1 - Shutdown completed.
